[0813/174103.595:ERROR:process_memory_win.cc(73)] ReadMemory at 0x161255fab50 of 72 bytes failed: Solo se completó una parte de una solicitud ReadProcessMemory o WriteProcessMemory. (0x12B)
[0813/174103.672:WARNING:pe_image_annotations_reader.cc(134)] could not read annotations list object in C:\Program Files (x86)\Google\Chrome\Application\84.0.4147.125\chrome_elf.dll
[0813/174103.672:ERROR:process_memory_win.cc(73)] ReadMemory at 0x16125636ba0 of 72 bytes failed: Solo se completó una parte de una solicitud ReadProcessMemory o WriteProcessMemory. (0x12B)
[0813/174103.672:WARNING:pe_image_annotations_reader.cc(134)] could not read annotations list object in C:\Program Files (x86)\Google\Chrome\Application\84.0.4147.125\chrome.dll
[0813/174103.698:ERROR:process_memory_win.cc(73)] ReadMemory at 0x7ff7f0640000 of 64 bytes failed: Solo se completó una parte de una solicitud ReadProcessMemory o WriteProcessMemory. (0x12B)
[0813/174103.698:WARNING:pe_image_reader.cc(340)] could not read dos header from C:\Program Files (x86)\Google\Chrome\Application\chrome.exe
[0813/174103.698:ERROR:process_memory_win.cc(73)] ReadMemory at 0x161255fab50 of 72 bytes failed: Solo se completó una parte de una solicitud ReadProcessMemory o WriteProcessMemory. (0x12B)
[0813/174103.698:WARNING:pe_image_annotations_reader.cc(134)] could not read annotations list object in C:\Program Files (x86)\Google\Chrome\Application\84.0.4147.125\chrome_elf.dll
[0813/174103.699:ERROR:process_memory_win.cc(73)] ReadMemory at 0x16125636ba0 of 72 bytes failed: Solo se completó una parte de una solicitud ReadProcessMemory o WriteProcessMemory. (0x12B)
[0813/174103.699:WARNING:pe_image_annotations_reader.cc(134)] could not read annotations list object in C:\Program Files (x86)\Google\Chrome\Application\84.0.4147.125\chrome.dll
[0813/174103.702:ERROR:process_memory_win.cc(73)] ReadMemory at 0x7ff7f0640000 of 64 bytes failed: Solo se completó una parte de una solicitud ReadProcessMemory o WriteProcessMemory. (0x12B)
[0813/174103.703:WARNING:pe_image_reader.cc(340)] could not read dos header from C:\Program Files (x86)\Google\Chrome\Application\chrome.exe
[0813/174103.707:ERROR:process_memory_win.cc(73)] ReadMemory at 0x161255fab50 of 72 bytes failed: Solo se completó una parte de una solicitud ReadProcessMemory o WriteProcessMemory. (0x12B)
[0813/174103.707:WARNING:pe_image_annotations_reader.cc(134)] could not read annotations list object in C:\Program Files (x86)\Google\Chrome\Application\84.0.4147.125\chrome_elf.dll
[0813/174103.708:ERROR:process_memory_win.cc(73)] ReadMemory at 0x16125636ba0 of 72 bytes failed: Solo se completó una parte de una solicitud ReadProcessMemory o WriteProcessMemory. (0x12B)
[0813/174103.708:WARNING:pe_image_annotations_reader.cc(134)] could not read annotations list object in C:\Program Files (x86)\Google\Chrome\Application\84.0.4147.125\chrome.dll
[0813/174103.758:ERROR:process_memory_win.cc(73)] ReadMemory at 0xab55e8000 of 98304 bytes failed: Solo se completó una parte de una solicitud ReadProcessMemory o WriteProcessMemory. (0x12B)
[0813/174103.759:ERROR:process_memory_win.cc(73)] ReadMemory at 0xab5dfd000 of 12288 bytes failed: Solo se completó una parte de una solicitud ReadProcessMemory o WriteProcessMemory. (0x12B)
[0813/174103.759:ERROR:process_memory_win.cc(73)] ReadMemory at 0xab65fb000 of 20480 bytes failed: Solo se completó una parte de una solicitud ReadProcessMemory o WriteProcessMemory. (0x12B)
[0813/174103.760:ERROR:process_memory_win.cc(73)] ReadMemory at 0xab6dfd000 of 12288 bytes failed: Solo se completó una parte de una solicitud ReadProcessMemory o WriteProcessMemory. (0x12B)
[0813/174103.760:ERROR:process_memory_win.cc(73)] ReadMemory at 0xab75fc000 of 16384 bytes failed: Solo se completó una parte de una solicitud ReadProcessMemory o WriteProcessMemory. (0x12B)
[0813/174103.760:ERROR:process_memory_win.cc(73)] ReadMemory at 0xab7dff000 of 4096 bytes failed: Solo se completó una parte de una solicitud ReadProcessMemory o WriteProcessMemory. (0x12B)
[0813/174103.760:ERROR:process_memory_win.cc(73)] ReadMemory at 0xab85fd000 of 12288 bytes failed: Solo se completó una parte de una solicitud ReadProcessMemory o WriteProcessMemory. (0x12B)
[0813/174103.761:ERROR:process_memory_win.cc(73)] ReadMemory at 0xab8dfb000 of 20480 bytes failed: Solo se completó una parte de una solicitud ReadProcessMemory o WriteProcessMemory. (0x12B)
[0813/174103.761:ERROR:process_memory_win.cc(73)] ReadMemory at 0xab95fd000 of 12288 bytes failed: Solo se completó una parte de una solicitud ReadProcessMemory o WriteProcessMemory. (0x12B)
[0813/174103.773:ERROR:process_memory_win.cc(73)] ReadMemory at 0xab9dfd000 of 12288 bytes failed: Solo se completó una parte de una solicitud ReadProcessMemory o WriteProcessMemory. (0x12B)
[0813/174103.774:ERROR:process_memory_win.cc(73)] ReadMemory at 0xaba5fd000 of 12288 bytes failed: Solo se completó una parte de una solicitud ReadProcessMemory o WriteProcessMemory. (0x12B)
[0813/174103.774:ERROR:process_memory_win.cc(73)] ReadMemory at 0xabb5f6000 of 40960 bytes failed: Solo se completó una parte de una solicitud ReadProcessMemory o WriteProcessMemory. (0x12B)
[0813/174103.774:ERROR:process_memory_win.cc(73)] ReadMemory at 0xabbdfb000 of 20480 bytes failed: Solo se completó una parte de una solicitud ReadProcessMemory o WriteProcessMemory. (0x12B)
[0813/174103.774:ERROR:process_memory_win.cc(73)] ReadMemory at 0xabadff000 of 4096 bytes failed: Solo se completó una parte de una solicitud ReadProcessMemory o WriteProcessMemory. (0x12B)
[0813/174103.775:ERROR:process_memory_win.cc(73)] ReadMemory at 0xab4db8000 of 852 bytes failed: Solo se completó una parte de una solicitud ReadProcessMemory o WriteProcessMemory. (0x12B)
[0813/174103.775:ERROR:process_memory_win.cc(73)] ReadMemory at 0xab4db9000 of 6024 bytes failed: Solo se completó una parte de una solicitud ReadProcessMemory o WriteProcessMemory. (0x12B)
[0813/174103.775:ERROR:process_memory_win.cc(73)] ReadMemory at 0xab4dbb000 of 6024 bytes failed: Solo se completó una parte de una solicitud ReadProcessMemory o WriteProcessMemory. (0x12B)
[0813/174103.775:ERROR:process_memory_win.cc(73)] ReadMemory at 0xab4dbd000 of 6024 bytes failed: Solo se completó una parte de una solicitud ReadProcessMemory o WriteProcessMemory. (0x12B)
[0813/174103.775:ERROR:process_memory_win.cc(73)] ReadMemory at 0xab4dbf000 of 6024 bytes failed: Solo se completó una parte de una solicitud ReadProcessMemory o WriteProcessMemory. (0x12B)
[0813/174103.775:ERROR:process_memory_win.cc(73)] ReadMemory at 0xab4dc1000 of 6024 bytes failed: Solo se completó una parte de una solicitud ReadProcessMemory o WriteProcessMemory. (0x12B)
[0813/174103.776:ERROR:process_memory_win.cc(73)] ReadMemory at 0xab4dc3000 of 6024 bytes failed: Solo se completó una parte de una solicitud ReadProcessMemory o WriteProcessMemory. (0x12B)
[0813/174103.776:ERROR:process_memory_win.cc(73)] ReadMemory at 0xab4dc5000 of 6024 bytes failed: Solo se completó una parte de una solicitud ReadProcessMemory o WriteProcessMemory. (0x12B)
[0813/174103.776:ERROR:process_memory_win.cc(73)] ReadMemory at 0xab4dc7000 of 6024 bytes failed: Solo se completó una parte de una solicitud ReadProcessMemory o WriteProcessMemory. (0x12B)
[0813/174103.776:ERROR:process_memory_win.cc(73)] ReadMemory at 0xab4dc9000 of 6024 bytes failed: Solo se completó una parte de una solicitud ReadProcessMemory o WriteProcessMemory. (0x12B)
[0813/174103.776:ERROR:process_memory_win.cc(73)] ReadMemory at 0xab4dcb000 of 6024 bytes failed: Solo se completó una parte de una solicitud ReadProcessMemory o WriteProcessMemory. (0x12B)
[0813/174103.777:ERROR:process_memory_win.cc(73)] ReadMemory at 0xab4dcd000 of 6024 bytes failed: Solo se completó una parte de una solicitud ReadProcessMemory o WriteProcessMemory. (0x12B)
[0813/174103.777:ERROR:process_memory_win.cc(73)] ReadMemory at 0xab4dd1000 of 6024 bytes failed: Solo se completó una parte de una solicitud ReadProcessMemory o WriteProcessMemory. (0x12B)
[0813/174103.777:ERROR:process_memory_win.cc(73)] ReadMemory at 0xab4dd3000 of 6024 bytes failed: Solo se completó una parte de una solicitud ReadProcessMemory o WriteProcessMemory. (0x12B)
[0813/174103.777:ERROR:process_memory_win.cc(73)] ReadMemory at 0xab4dd5000 of 6024 bytes failed: Solo se completó una parte de una solicitud ReadProcessMemory o WriteProcessMemory. (0x12B)
[0813/174103.778:ERROR:process_memory_win.cc(73)] ReadMemory at 0x161255f0000 of 384 bytes failed: Solo se completó una parte de una solicitud ReadProcessMemory o WriteProcessMemory. (0x12B)
[0813/174103.778:ERROR:process_memory_win.cc(73)] ReadMemory at 0x161255f0fe0 of 6140 bytes failed: Solo se completó una parte de una solicitud ReadProcessMemory o WriteProcessMemory. (0x12B)
[0813/174103.778:ERROR:process_memory_win.cc(73)] ReadMemory at 0x161255f27f0 of 1012 bytes failed: Solo se completó una parte de una solicitud ReadProcessMemory o WriteProcessMemory. (0x12B)
[0813/174103.778:ERROR:process_memory_win.cc(73)] ReadMemory at 0x161255f2e38 of 118 bytes failed: Solo se completó una parte de una solicitud ReadProcessMemory o WriteProcessMemory. (0x12B)
[0813/174103.778:ERROR:process_memory_win.cc(73)] ReadMemory at 0x161255f2eb0 of 772 bytes failed: Solo se completó una parte de una solicitud ReadProcessMemory o WriteProcessMemory. (0x12B)
[0813/174103.778:ERROR:process_memory_win.cc(73)] ReadMemory at 0x161255f31b6 of 118 bytes failed: Solo se completó una parte de una solicitud ReadProcessMemory o WriteProcessMemory. (0x12B)
[0813/174103.779:ERROR:process_memory_win.cc(73)] ReadMemory at 0x161255f322e of 102 bytes failed: Solo se completó una parte de una solicitud ReadProcessMemory o WriteProcessMemory. (0x12B)
[0813/174103.779:ERROR:process_memory_win.cc(73)] ReadMemory at 0x161255f32a0 of 58 bytes failed: Solo se completó una parte de una solicitud ReadProcessMemory o WriteProcessMemory. (0x12B)
[0813/174103.779:ERROR:process_memory_win.cc(73)] ReadMemory at 0x161255f33a0 of 132 bytes failed: Solo se completó una parte de una solicitud ReadProcessMemory o WriteProcessMemory. (0x12B)
[0813/174103.779:ERROR:process_memory_win.cc(73)] ReadMemory at 0x161255f3530 of 132 bytes failed: Solo se completó una parte de una solicitud ReadProcessMemory o WriteProcessMemory. (0x12B)
[0813/174103.779:ERROR:process_memory_win.cc(73)] ReadMemory at 0x161255f36f0 of 126 bytes failed: Solo se completó una parte de una solicitud ReadProcessMemory o WriteProcessMemory. (0x12B)
[0813/174103.780:ERROR:process_memory_win.cc(73)] ReadMemory at 0x161255f3ad0 of 132 bytes failed: Solo se completó una parte de una solicitud ReadProcessMemory o WriteProcessMemory. (0x12B)
[0813/174103.780:ERROR:process_memory_win.cc(73)] ReadMemory at 0x161255f3c60 of 64 bytes failed: Solo se completó una parte de una solicitud ReadProcessMemory o WriteProcessMemory. (0x12B)
[0813/174103.780:ERROR:process_memory_win.cc(73)] ReadMemory at 0x161255f3e20 of 132 bytes failed: Solo se completó una parte de una solicitud ReadProcessMemory o WriteProcessMemory. (0x12B)
[0813/174103.780:ERROR:process_memory_win.cc(73)] ReadMemory at 0x161255f40c0 of 132 bytes failed: Solo se completó una parte de una solicitud ReadProcessMemory o WriteProcessMemory. (0x12B)
[0813/174103.780:ERROR:process_memory_win.cc(73)] ReadMemory at 0x161255f4250 of 68 bytes failed: Solo se completó una parte de una solicitud ReadProcessMemory o WriteProcessMemory. (0x12B)
[0813/174103.780:ERROR:process_memory_win.cc(73)] ReadMemory at 0x161255f5320 of 132 bytes failed: Solo se completó una parte de una solicitud ReadProcessMemory o WriteProcessMemory. (0x12B)
[0813/174103.781:ERROR:process_memory_win.cc(73)] ReadMemory at 0x161255f54b0 of 154 bytes failed: Solo se completó una parte de una solicitud ReadProcessMemory o WriteProcessMemory. (0x12B)
[0813/174103.781:ERROR:process_memory_win.cc(73)] ReadMemory at 0x161255f61f0 of 132 bytes failed: Solo se completó una parte de una solicitud ReadProcessMemory o WriteProcessMemory. (0x12B)
[0813/174103.781:ERROR:process_memory_win.cc(73)] ReadMemory at 0x161255f6320 of 60 bytes failed: Solo se completó una parte de una solicitud ReadProcessMemory o WriteProcessMemory. (0x12B)
[0813/174103.781:ERROR:process_memory_win.cc(73)] ReadMemory at 0x161255f6dd0 of 62 bytes failed: Solo se completó una parte de una solicitud ReadProcessMemory o WriteProcessMemory. (0x12B)
[0813/174103.781:ERROR:process_memory_win.cc(73)] ReadMemory at 0x161255fa830 of 62 bytes failed: Solo se completó una parte de una solicitud ReadProcessMemory o WriteProcessMemory. (0x12B)
[0813/174103.781:ERROR:process_memory_win.cc(73)] ReadMemory at 0x161255fa9c0 of 64 bytes failed: Solo se completó una parte de una solicitud ReadProcessMemory o WriteProcessMemory. (0x12B)
[0813/174103.782:ERROR:process_memory_win.cc(73)] ReadMemory at 0x161255faa10 of 60 bytes failed: Solo se completó una parte de una solicitud ReadProcessMemory o WriteProcessMemory. (0x12B)
[0813/174103.782:ERROR:process_memory_win.cc(73)] ReadMemory at 0x161255fb160 of 512 bytes failed: Solo se completó una parte de una solicitud ReadProcessMemory o WriteProcessMemory. (0x12B)
[0813/174103.782:ERROR:process_memory_win.cc(73)] ReadMemory at 0x161255ff120 of 54 bytes failed: Solo se completó una parte de una solicitud ReadProcessMemory o WriteProcessMemory. (0x12B)
[0813/174103.782:ERROR:process_memory_win.cc(73)] ReadMemory at 0x16125601c00 of 76 bytes failed: Solo se completó una parte de una solicitud ReadProcessMemory o WriteProcessMemory. (0x12B)
[0813/174103.782:ERROR:process_memory_win.cc(73)] ReadMemory at 0x16125601d20 of 80 bytes failed: Solo se completó una parte de una solicitud ReadProcessMemory o WriteProcessMemory. (0x12B)
[0813/174103.782:ERROR:process_memory_win.cc(73)] ReadMemory at 0x16125601ea0 of 80 bytes failed: Solo se completó una parte de una solicitud ReadProcessMemory o WriteProcessMemory. (0x12B)
[0813/174103.783:ERROR:process_memory_win.cc(73)] ReadMemory at 0x161256040a0 of 132 bytes failed: Solo se completó una parte de una solicitud ReadProcessMemory o WriteProcessMemory. (0x12B)
[0813/174103.783:ERROR:process_memory_win.cc(73)] ReadMemory at 0x161256044d0 of 132 bytes failed: Solo se completó una parte de una solicitud ReadProcessMemory o WriteProcessMemory. (0x12B)
[0813/174103.783:ERROR:process_memory_win.cc(73)] ReadMemory at 0x16125604f90 of 132 bytes failed: Solo se completó una parte de una solicitud ReadProcessMemory o WriteProcessMemory. (0x12B)
[0813/174103.783:ERROR:process_memory_win.cc(73)] ReadMemory at 0x161256059d0 of 132 bytes failed: Solo se completó una parte de una solicitud ReadProcessMemory o WriteProcessMemory. (0x12B)
[0813/174103.783:ERROR:process_memory_win.cc(73)] ReadMemory at 0x16125606b10 of 132 bytes failed: Solo se completó una parte de una solicitud ReadProcessMemory o WriteProcessMemory. (0x12B)
[0813/174103.783:ERROR:process_memory_win.cc(73)] ReadMemory at 0x16125606d30 of 132 bytes failed: Solo se completó una parte de una solicitud ReadProcessMemory o WriteProcessMemory. (0x12B)
[0813/174103.784:ERROR:process_memory_win.cc(73)] ReadMemory at 0x16125607090 of 132 bytes failed: Solo se completó una parte de una solicitud ReadProcessMemory o WriteProcessMemory. (0x12B)
[0813/174103.784:ERROR:process_memory_win.cc(73)] ReadMemory at 0x161256072a0 of 132 bytes failed: Solo se completó una parte de una solicitud ReadProcessMemory o WriteProcessMemory. (0x12B)
[0813/174103.784:ERROR:process_memory_win.cc(73)] ReadMemory at 0x16125609840 of 132 bytes failed: Solo se completó una parte de una solicitud ReadProcessMemory o WriteProcessMemory. (0x12B)
[0813/174103.784:ERROR:process_memory_win.cc(73)] ReadMemory at 0x16125609970 of 146 bytes failed: Solo se completó una parte de una solicitud ReadProcessMemory o WriteProcessMemory. (0x12B)
[0813/174103.784:ERROR:process_memory_win.cc(73)] ReadMemory at 0x1612560a560 of 132 bytes failed: Solo se completó una parte de una solicitud ReadProcessMemory o WriteProcessMemory. (0x12B)
[0813/174103.786:ERROR:process_memory_win.cc(73)] ReadMemory at 0x1612560a690 of 132 bytes failed: Solo se completó una parte de una solicitud ReadProcessMemory o WriteProcessMemory. (0x12B)
[0813/174103.787:ERROR:process_memory_win.cc(73)] ReadMemory at 0x1612560a7c0 of 132 bytes failed: Solo se completó una parte de una solicitud ReadProcessMemory o WriteProcessMemory. (0x12B)
[0813/174103.787:ERROR:process_memory_win.cc(73)] ReadMemory at 0x1612560aa20 of 132 bytes failed: Solo se completó una parte de una solicitud ReadProcessMemory o WriteProcessMemory. (0x12B)
[0813/174103.787:ERROR:process_memory_win.cc(73)] ReadMemory at 0x1612560ab50 of 132 bytes failed: Solo se completó una parte de una solicitud ReadProcessMemory o WriteProcessMemory. (0x12B)
[0813/174103.787:ERROR:process_memory_win.cc(73)] ReadMemory at 0x1612560af70 of 64 bytes failed: Solo se completó una parte de una solicitud ReadProcessMemory o WriteProcessMemory. (0x12B)
[0813/174103.788:ERROR:process_memory_win.cc(73)] ReadMemory at 0x1612560b060 of 60 bytes failed: Solo se completó una parte de una solicitud ReadProcessMemory o WriteProcessMemory. (0x12B)
[0813/174103.788:ERROR:process_memory_win.cc(73)] ReadMemory at 0x1612560b0b0 of 60 bytes failed: Solo se completó una parte de una solicitud ReadProcessMemory o WriteProcessMemory. (0x12B)
[0813/174103.789:ERROR:process_memory_win.cc(73)] ReadMemory at 0x1612560b100 of 64 bytes failed: Solo se completó una parte de una solicitud ReadProcessMemory o WriteProcessMemory. (0x12B)
[0813/174103.789:ERROR:process_memory_win.cc(73)] ReadMemory at 0x1612560b150 of 64 bytes failed: Solo se completó una parte de una solicitud ReadProcessMemory o WriteProcessMemory. (0x12B)
[0813/174103.789:ERROR:process_memory_win.cc(73)] ReadMemory at 0x1612560b1a0 of 62 bytes failed: Solo se completó una parte de una solicitud ReadProcessMemory o WriteProcessMemory. (0x12B)
[0813/174103.789:ERROR:process_memory_win.cc(73)] ReadMemory at 0x1612560b1f0 of 60 bytes failed: Solo se completó una parte de una solicitud ReadProcessMemory o WriteProcessMemory. (0x12B)
[0813/174103.789:ERROR:process_memory_win.cc(73)] ReadMemory at 0x1612560b330 of 60 bytes failed: Solo se completó una parte de una solicitud ReadProcessMemory o WriteProcessMemory. (0x12B)
[0813/174103.791:ERROR:process_memory_win.cc(73)] ReadMemory at 0x1612560b3d0 of 62 bytes failed: Solo se completó una parte de una solicitud ReadProcessMemory o WriteProcessMemory. (0x12B)
[0813/174103.792:ERROR:process_memory_win.cc(73)] ReadMemory at 0x1612560b510 of 64 bytes failed: Solo se completó una parte de una solicitud ReadProcessMemory o WriteProcessMemory. (0x12B)
[0813/174103.792:ERROR:process_memory_win.cc(73)] ReadMemory at 0x1612560b560 of 64 bytes failed: Solo se completó una parte de una solicitud ReadProcessMemory o WriteProcessMemory. (0x12B)
[0813/174103.793:ERROR:process_memory_win.cc(73)] ReadMemory at 0x1612560b650 of 58 bytes failed: Solo se completó una parte de una solicitud ReadProcessMemory o WriteProcessMemory. (0x12B)
[0813/174103.793:ERROR:process_memory_win.cc(73)] ReadMemory at 0x1612560b6f0 of 66 bytes failed: Solo se completó una parte de una solicitud ReadProcessMemory o WriteProcessMemory. (0x12B)
[0813/174103.793:ERROR:process_memory_win.cc(73)] ReadMemory at 0x1612560b830 of 60 bytes failed: Solo se completó una parte de una solicitud ReadProcessMemory o WriteProcessMemory. (0x12B)
[0813/174103.793:ERROR:process_memory_win.cc(73)] ReadMemory at 0x1612560b880 of 62 bytes failed: Solo se completó una parte de una solicitud ReadProcessMemory o WriteProcessMemory. (0x12B)
[0813/174103.794:ERROR:process_memory_win.cc(73)] ReadMemory at 0x1612560b920 of 66 bytes failed: Solo se completó una parte de una solicitud ReadProcessMemory o WriteProcessMemory. (0x12B)
[0813/174103.794:ERROR:process_memory_win.cc(73)] ReadMemory at 0x1612560b970 of 64 bytes failed: Solo se completó una parte de una solicitud ReadProcessMemory o WriteProcessMemory. (0x12B)
[0813/174103.794:ERROR:process_memory_win.cc(73)] ReadMemory at 0x1612560ba10 of 62 bytes failed: Solo se completó una parte de una solicitud ReadProcessMemory o WriteProcessMemory. (0x12B)
[0813/174103.794:ERROR:process_memory_win.cc(73)] ReadMemory at 0x1612560ba60 of 62 bytes failed: Solo se completó una parte de una solicitud ReadProcessMemory o WriteProcessMemory. (0x12B)
[0813/174103.794:ERROR:process_memory_win.cc(73)] ReadMemory at 0x1612560bba0 of 62 bytes failed: Solo se completó una parte de una solicitud ReadProcessMemory o WriteProcessMemory. (0x12B)
[0813/174103.794:ERROR:process_memory_win.cc(73)] ReadMemory at 0x1612560bbf0 of 62 bytes failed: Solo se completó una parte de una solicitud ReadProcessMemory o WriteProcessMemory. (0x12B)
[0813/174103.795:ERROR:process_memory_win.cc(73)] ReadMemory at 0x1612560bc40 of 62 bytes failed: Solo se completó una parte de una solicitud ReadProcessMemory o WriteProcessMemory. (0x12B)
[0813/174103.795:ERROR:process_memory_win.cc(73)] ReadMemory at 0x1612560bc90 of 62 bytes failed: Solo se completó una parte de una solicitud ReadProcessMemory o WriteProcessMemory. (0x12B)
[0813/174103.795:ERROR:process_memory_win.cc(73)] ReadMemory at 0x1612560bd80 of 64 bytes failed: Solo se completó una parte de una solicitud ReadProcessMemory o WriteProcessMemory. (0x12B)
[0813/174103.795:ERROR:process_memory_win.cc(73)] ReadMemory at 0x1612560ce50 of 132 bytes failed: Solo se completó una parte de una solicitud ReadProcessMemory o WriteProcessMemory. (0x12B)
[0813/174103.795:ERROR:process_memory_win.cc(73)] ReadMemory at 0x16125610ff0 of 132 bytes failed: Solo se completó una parte de una solicitud ReadProcessMemory o WriteProcessMemory. (0x12B)
[0813/174103.795:ERROR:process_memory_win.cc(73)] ReadMemory at 0x16125611120 of 132 bytes failed: Solo se completó una parte de una solicitud ReadProcessMemory o WriteProcessMemory. (0x12B)
[0813/174103.796:ERROR:process_memory_win.cc(73)] ReadMemory at 0x16125611380 of 132 bytes failed: Solo se completó una parte de una solicitud ReadProcessMemory o WriteProcessMemory. (0x12B)
[0813/174103.796:ERROR:process_memory_win.cc(73)] ReadMemory at 0x16125611840 of 132 bytes failed: Solo se completó una parte de una solicitud ReadProcessMemory o WriteProcessMemory. (0x12B)
[0813/174103.796:ERROR:process_memory_win.cc(73)] ReadMemory at 0x16125611aa0 of 132 bytes failed: Solo se completó una parte de una solicitud ReadProcessMemory o WriteProcessMemory. (0x12B)
[0813/174103.796:ERROR:process_memory_win.cc(73)] ReadMemory at 0x16125611bd0 of 132 bytes failed: Solo se completó una parte de una solicitud ReadProcessMemory o WriteProcessMemory. (0x12B)
[0813/174103.796:ERROR:process_memory_win.cc(73)] ReadMemory at 0x16125611f60 of 132 bytes failed: Solo se completó una parte de una solicitud ReadProcessMemory o WriteProcessMemory. (0x12B)
[0813/174103.797:ERROR:process_memory_win.cc(73)] ReadMemory at 0x16125612090 of 132 bytes failed: Solo se completó una parte de una solicitud ReadProcessMemory o WriteProcessMemory. (0x12B)
[0813/174103.797:ERROR:process_memory_win.cc(73)] ReadMemory at 0x161256121c0 of 132 bytes failed: Solo se completó una parte de una solicitud ReadProcessMemory o WriteProcessMemory. (0x12B)
[0813/174103.797:ERROR:process_memory_win.cc(73)] ReadMemory at 0x161256122f0 of 132 bytes failed: Solo se completó una parte de una solicitud ReadProcessMemory o WriteProcessMemory. (0x12B)
[0813/174103.797:ERROR:process_memory_win.cc(73)] ReadMemory at 0x16125612420 of 132 bytes failed: Solo se completó una parte de una solicitud ReadProcessMemory o WriteProcessMemory. (0x12B)
[0813/174103.797:ERROR:process_memory_win.cc(73)] ReadMemory at 0x16125612550 of 132 bytes failed: Solo se completó una parte de una solicitud ReadProcessMemory o WriteProcessMemory. (0x12B)
[0813/174103.797:ERROR:process_memory_win.cc(73)] ReadMemory at 0x16125612680 of 132 bytes failed: Solo se completó una parte de una solicitud ReadProcessMemory o WriteProcessMemory. (0x12B)
[0813/174103.862:ERROR:process_memory_win.cc(73)] ReadMemory at 0x161256127b0 of 132 bytes failed: Solo se completó una parte de una solicitud ReadProcessMemory o WriteProcessMemory. (0x12B)
[0813/174103.862:ERROR:process_memory_win.cc(73)] ReadMemory at 0x161256128e0 of 132 bytes failed: Solo se completó una parte de una solicitud ReadProcessMemory o WriteProcessMemory. (0x12B)
[0813/174103.862:ERROR:process_memory_win.cc(73)] ReadMemory at 0x16125612a10 of 132 bytes failed: Solo se completó una parte de una solicitud ReadProcessMemory o WriteProcessMemory. (0x12B)
[0813/174103.863:ERROR:process_memory_win.cc(73)] ReadMemory at 0x16125612b40 of 132 bytes failed: Solo se completó una parte de una solicitud ReadProcessMemory o WriteProcessMemory. (0x12B)
[0813/174103.863:ERROR:process_memory_win.cc(73)] ReadMemory at 0x1612567b900 of 512 bytes failed: Solo se completó una parte de una solicitud ReadProcessMemory o WriteProcessMemory. (0x12B)
[0813/174103.863:ERROR:process_memory_win.cc(73)] ReadMemory at 0x1612567fc90 of 712 bytes failed: Solo se completó una parte de una solicitud ReadProcessMemory o WriteProcessMemory. (0x12B)
[0813/174103.904:ERROR:process_memory_win.cc(73)] ReadMemory at 0x161256b3af0 of 512 bytes failed: Solo se completó una parte de una solicitud ReadProcessMemory o WriteProcessMemory. (0x12B)
[0813/174103.905:ERROR:process_memory_win.cc(73)] ReadMemory at 0x16126ea0000 of 384 bytes failed: Solo se completó una parte de una solicitud ReadProcessMemory o WriteProcessMemory. (0x12B)
[0813/174103.905:ERROR:process_memory_win.cc(73)] ReadMemory at 0x16126ea1db0 of 512 bytes failed: Solo se completó una parte de una solicitud ReadProcessMemory o WriteProcessMemory. (0x12B)
[0813/174103.905:ERROR:process_memory_win.cc(73)] ReadMemory at 0x16126eb24d0 of 512 bytes failed: Solo se completó una parte de una solicitud ReadProcessMemory o WriteProcessMemory. (0x12B)
[0813/174103.905:ERROR:process_memory_win.cc(73)] ReadMemory at 0x16126eb5d50 of 512 bytes failed: Solo se completó una parte de una solicitud ReadProcessMemory o WriteProcessMemory. (0x12B)
[0813/174103.905:ERROR:process_memory_win.cc(73)] ReadMemory at 0x16126f08281 of 512 bytes failed: Solo se completó una parte de una solicitud ReadProcessMemory o WriteProcessMemory. (0x12B)
[0813/174103.906:ERROR:process_memory_win.cc(73)] ReadMemory at 0x1612719ff80 of 512 bytes failed: Solo se completó una parte de una solicitud ReadProcessMemory o WriteProcessMemory. (0x12B)
[0813/174103.906:ERROR:process_memory_win.cc(73)] ReadMemory at 0x161271cdb30 of 512 bytes failed: Solo se completó una parte de una solicitud ReadProcessMemory o WriteProcessMemory. (0x12B)
[0813/174103.906:ERROR:process_memory_win.cc(73)] ReadMemory at 0x161272a9b00 of 512 bytes failed: Solo se completó una parte de una solicitud ReadProcessMemory o WriteProcessMemory. (0x12B)
[0813/174103.906:ERROR:process_memory_win.cc(73)] ReadMemory at 0x161273346c0 of 512 bytes failed: Solo se completó una parte de una solicitud ReadProcessMemory o WriteProcessMemory. (0x12B)
[0813/174103.906:ERROR:process_memory_win.cc(73)] ReadMemory at 0x161283f1110 of 512 bytes failed: Solo se completó una parte de una solicitud ReadProcessMemory o WriteProcessMemory. (0x12B)
[0813/174103.906:ERROR:process_memory_win.cc(73)] ReadMemory at 0x170d0808c9bd of 512 bytes failed: Solo se completó una parte de una solicitud ReadProcessMemory o WriteProcessMemory. (0x12B)
[0813/174103.907:ERROR:process_memory_win.cc(73)] ReadMemory at 0x170d083ab655 of 512 bytes failed: Solo se completó una parte de una solicitud ReadProcessMemory o WriteProcessMemory. (0x12B)
[0813/174103.907:ERROR:process_memory_win.cc(73)] ReadMemory at 0x170d08cb5689 of 512 bytes failed: Solo se completó una parte de una solicitud ReadProcessMemory o WriteProcessMemory. (0x12B)
[0813/174103.907:ERROR:process_memory_win.cc(73)] ReadMemory at 0x170d08cb7705 of 527 bytes failed: Solo se completó una parte de una solicitud ReadProcessMemory o WriteProcessMemory. (0x12B)
[0813/174103.907:ERROR:process_memory_win.cc(73)] ReadMemory at 0x170d094cf581 of 512 bytes failed: Solo se completó una parte de una solicitud ReadProcessMemory o WriteProcessMemory. (0x12B)
[0813/174103.917:ERROR:scoped_process_suspend.cc(40)] NtResumeProcess: Se intentó obtener acceso a un proceso que está cerrándose. (0xc000010a)
